Determining if the pthread_create exist failed with the following output:
Change Dir: /home/jmtc7/Learning/self-driving-car-nanodegree/part2-localization-path-planning-control-and-system-integration/module09-carla/lesson19-writing-ros-nodes/catkin_ws/build/CMakeFiles/CMakeTmp

Run Build Command:"/usr/bin/make" "cmTC_612f3/fast"
/usr/bin/make -f CMakeFiles/cmTC_612f3.dir/build.make CMakeFiles/cmTC_612f3.dir/build
make[1]: Entering directory '/home/jmtc7/Learning/self-driving-car-nanodegree/part2-localization-path-planning-control-and-system-integration/module09-carla/lesson19-writing-ros-nodes/catkin_ws/build/CMakeFiles/CMakeTmp'
Building C object CMakeFiles/cmTC_612f3.dir/CheckSymbolExists.c.o
/usr/bin/cc    -o CMakeFiles/cmTC_612f3.dir/CheckSymbolExists.c.o   -c /home/jmtc7/Learning/self-driving-car-nanodegree/part2-localization-path-planning-control-and-system-integration/module09-carla/lesson19-writing-ros-nodes/catkin_ws/build/CMakeFiles/CMakeTmp/CheckSymbolExists.c
Linking C executable cmTC_612f3
/usr/bin/cmake -E cmake_link_script CMakeFiles/cmTC_612f3.dir/link.txt --verbose=1
/usr/bin/cc      -rdynamic CMakeFiles/cmTC_612f3.dir/CheckSymbolExists.c.o  -o cmTC_612f3 
CMakeFiles/cmTC_612f3.dir/CheckSymbolExists.c.o: In function `main':
CheckSymbolExists.c:(.text+0x1b): undefined reference to `pthread_create'
collect2: error: ld returned 1 exit status
CMakeFiles/cmTC_612f3.dir/build.make:97: recipe for target 'cmTC_612f3' failed
make[1]: *** [cmTC_612f3] Error 1
make[1]: Leaving directory '/home/jmtc7/Learning/self-driving-car-nanodegree/part2-localization-path-planning-control-and-system-integration/module09-carla/lesson19-writing-ros-nodes/catkin_ws/build/CMakeFiles/CMakeTmp'
Makefile:126: recipe for target 'cmTC_612f3/fast' failed
make: *** [cmTC_612f3/fast] Error 2

File /home/jmtc7/Learning/self-driving-car-nanodegree/part2-localization-path-planning-control-and-system-integration/module09-carla/lesson19-writing-ros-nodes/catkin_ws/build/CMakeFiles/CMakeTmp/CheckSymbolExists.c:
/* */
#include <pthread.h>

int main(int argc, char** argv)
{
  (void)argv;
#ifndef pthread_create
  return ((int*)(&pthread_create))[argc];
#else
  (void)argc;
  return 0;
#endif
}

Determining if the function pthread_create exists in the pthreads failed with the following output:
Change Dir: /home/jmtc7/Learning/self-driving-car-nanodegree/part2-localization-path-planning-control-and-system-integration/module09-carla/lesson19-writing-ros-nodes/catkin_ws/build/CMakeFiles/CMakeTmp

Run Build Command:"/usr/bin/make" "cmTC_4ff40/fast"
/usr/bin/make -f CMakeFiles/cmTC_4ff40.dir/build.make CMakeFiles/cmTC_4ff40.dir/build
make[1]: Entering directory '/home/jmtc7/Learning/self-driving-car-nanodegree/part2-localization-path-planning-control-and-system-integration/module09-carla/lesson19-writing-ros-nodes/catkin_ws/build/CMakeFiles/CMakeTmp'
Building C object CMakeFiles/cmTC_4ff40.dir/CheckFunctionExists.c.o
/usr/bin/cc   -DCHECK_FUNCTION_EXISTS=pthread_create   -o CMakeFiles/cmTC_4ff40.dir/CheckFunctionExists.c.o   -c /usr/share/cmake-3.10/Modules/CheckFunctionExists.c
Linking C executable cmTC_4ff40
/usr/bin/cmake -E cmake_link_script CMakeFiles/cmTC_4ff40.dir/link.txt --verbose=1
/usr/bin/cc  -DCHECK_FUNCTION_EXISTS=pthread_create    -rdynamic CMakeFiles/cmTC_4ff40.dir/CheckFunctionExists.c.o  -o cmTC_4ff40 -lpthreads 
/usr/bin/ld: cannot find -lpthreads
collect2: error: ld returned 1 exit status
CMakeFiles/cmTC_4ff40.dir/build.make:97: recipe for target 'cmTC_4ff40' failed
make[1]: *** [cmTC_4ff40] Error 1
make[1]: Leaving directory '/home/jmtc7/Learning/self-driving-car-nanodegree/part2-localization-path-planning-control-and-system-integration/module09-carla/lesson19-writing-ros-nodes/catkin_ws/build/CMakeFiles/CMakeTmp'
Makefile:126: recipe for target 'cmTC_4ff40/fast' failed
make: *** [cmTC_4ff40/fast] Error 2


